[INFO][%!S(string=article.go):76]2020/03/09 23:05:28 [err.key: %s, err.message: %s state 状态只允许0或1]
[INFO][%!S(string=article.go):76]2020/03/09 23:05:28 [err.key: %s, err.message: %s tag_id 标签ID必须大于0]
[INFO][article.go:76]2020/03/09 23:12:36 err.key: [state 状态只允许0或1], err.message: %!s(MISSING)
[INFO][article.go:76]2020/03/09 23:12:36 err.key: [tag_id 标签ID必须大于0], err.message: %!s(MISSING)
[INFO][article.go:76]2020/03/09 23:12:40 err.key: [state 状态只允许0或1], err.message: %!s(MISSING)
[INFO][article.go:76]2020/03/09 23:12:40 err.key: [tag_id 标签ID必须大于0], err.message: %!s(MISSING)
[INFO][article.go:77]2020/03/09 23:16:54 [ERR_KEY:state,ERR_MSG:%!S(string=状态只允许0或1)]
[INFO][article.go:77]2020/03/09 23:16:54 [ERR_KEY:tag_id,ERR_MSG:%!S(string=标签ID必须大于0)]
[INFO][article.go:77]2020/03/09 23:16:55 [ERR_KEY:state,ERR_MSG:%!S(string=状态只允许0或1)]
[INFO][article.go:77]2020/03/09 23:16:55 [ERR_KEY:tag_id,ERR_MSG:%!S(string=标签ID必须大于0)]
[INFO][article.go:77]2020/03/09 23:16:55 [ERR_KEY:state,ERR_MSG:%!S(string=状态只允许0或1)]
[INFO][article.go:77]2020/03/09 23:16:55 [ERR_KEY:tag_id,ERR_MSG:%!S(string=标签ID必须大于0)]
[INFO][article.go:77]2020/03/09 23:16:55 [ERR_KEY:state,ERR_MSG:%!S(string=状态只允许0或1)]
[INFO][article.go:77]2020/03/09 23:16:55 [ERR_KEY:tag_id,ERR_MSG:%!S(string=标签ID必须大于0)]
[INFO][article.go:77]2020/03/09 23:16:55 [ERR_KEY:state,ERR_MSG:%!S(string=状态只允许0或1)]
[INFO][article.go:77]2020/03/09 23:16:55 [ERR_KEY:tag_id,ERR_MSG:%!S(string=标签ID必须大于0)]
[INFO][article.go:77]2020/03/09 23:16:55 [ERR_KEY:state,ERR_MSG:%!S(string=状态只允许0或1)]
[INFO][article.go:77]2020/03/09 23:16:55 [ERR_KEY:tag_id,ERR_MSG:%!S(string=标签ID必须大于0)]
[INFO][article.go:77]2020/03/09 23:16:56 [ERR_KEY:state,ERR_MSG:%!S(string=状态只允许0或1)]
[INFO][article.go:77]2020/03/09 23:16:56 [ERR_KEY:tag_id,ERR_MSG:%!S(string=标签ID必须大于0)]
[INFO][article.go:77]2020/03/09 23:16:56 [ERR_KEY:state,ERR_MSG:%!S(string=状态只允许0或1)]
[INFO][article.go:77]2020/03/09 23:16:56 [ERR_KEY:tag_id,ERR_MSG:%!S(string=标签ID必须大于0)]
[INFO][article.go:77]2020/03/09 23:16:56 [ERR_KEY:state,ERR_MSG:%!S(string=状态只允许0或1)]
[INFO][article.go:77]2020/03/09 23:16:56 [ERR_KEY:tag_id,ERR_MSG:%!S(string=标签ID必须大于0)]
[INFO][article.go:77]2020/03/09 23:16:56 [ERR_KEY:state,ERR_MSG:%!S(string=状态只允许0或1)]
[INFO][article.go:77]2020/03/09 23:16:56 [ERR_KEY:tag_id,ERR_MSG:%!S(string=标签ID必须大于0)]
[INFO][article.go:77]2020/03/09 23:16:56 [ERR_KEY:state,ERR_MSG:%!S(string=状态只允许0或1)]
[INFO][article.go:77]2020/03/09 23:16:56 [ERR_KEY:tag_id,ERR_MSG:%!S(string=标签ID必须大于0)]
[INFO][article.go:77]2020/03/09 23:16:57 [ERR_KEY:state,ERR_MSG:%!S(string=状态只允许0或1)]
[INFO][article.go:77]2020/03/09 23:16:57 [ERR_KEY:tag_id,ERR_MSG:%!S(string=标签ID必须大于0)]
[INFO][article.go:77]2020/03/09 23:16:57 [ERR_KEY:state,ERR_MSG:%!S(string=状态只允许0或1)]
[INFO][article.go:77]2020/03/09 23:16:57 [ERR_KEY:tag_id,ERR_MSG:%!S(string=标签ID必须大于0)]
[INFO][article.go:77]2020/03/09 23:18:44 [ERR_KEY:state,        ERR_MSG:状态只允许0或1]
[INFO][article.go:77]2020/03/09 23:18:44 [ERR_KEY:tag_id,        ERR_MSG:标签ID必须大于0]
[INFO][article.go:76]2020/03/09 23:20:18 [state 状态只允许0或1]
[INFO][article.go:76]2020/03/09 23:20:18 [tag_id 标签ID必须大于0]
