[INFO][article.go:178]2020/03/18 10:23:37 [{2 test1 test-desc test-content test-created  1}]
[INFO][request.go:10]2020/03/18 10:25:48 [ID.Required. Can not be empty]
[INFO][request.go:10]2020/03/18 10:25:48 [ID.Min. Minimum is 1]
[INFO][request.go:10]2020/03/18 10:29:02 [ID.Required. Can not be empty]
[INFO][request.go:10]2020/03/18 10:29:02 [ID.Min. Minimum is 1]
[INFO][request.go:10]2020/03/18 10:44:09 [ID.Required. Can not be empty]
[INFO][request.go:10]2020/03/18 10:44:09 [ID.Min. Minimum is 1]
[INFO][request.go:10]2020/03/18 10:46:09 [ID.Required. Can not be empty]
[INFO][request.go:10]2020/03/18 10:46:09 [ID.Min. Minimum is 1]
[INFO][request.go:10]2020/03/18 10:47:44 [ID.Required. Can not be empty]
[INFO][request.go:10]2020/03/18 10:47:44 [ID.Min. Minimum is 1]
[INFO][request.go:10]2020/03/18 10:48:31 [ID.Required. Can not be empty]
[INFO][request.go:10]2020/03/18 10:48:31 [ID.Min. Minimum is 1]
[INFO][request.go:10]2020/03/18 10:49:33 [ID.Required. Can not be empty]
[INFO][request.go:10]2020/03/18 10:49:33 [ID.Min. Minimum is 1]
[INFO][request.go:10]2020/03/18 11:11:33 [ModifiedBy.Required. Can not be empty]
[INFO][article.go:99]2020/03/18 11:27:02 [map[content:ggggggg cover_image_url: desc:ggggggggggggg modified_by:li state:1 tag_id:2 title:ggggggggggggggggg]]
[INFO][article.go:99]2020/03/18 11:27:30 [map[content: cover_image_url: desc: modified_by:li state:1 tag_id:2 title:]]
[INFO][article.go:99]2020/03/18 11:29:31 [map[content:ffffffff cover_image_url: desc:ffffff modified_by:li state:0 tag_id:2 title:fffffff]]
[INFO][article.go:99]2020/03/18 11:29:53 [map[content:ffffffff cover_image_url: desc:ffffff modified_by:li state:0 tag_id:2 title:fffffff]]
[INFO][request.go:10]2020/03/18 11:30:57 [TagID.Min. Minimum is 1]
[INFO][article.go:99]2020/03/18 11:31:17 [map[content:ffffffff cover_image_url: desc:ffffff modified_by:li state:0 tag_id:2 title:]]
[INFO][article.go:99]2020/03/18 11:31:49 [map[content: cover_image_url: desc: modified_by:li state:0 tag_id:2 title:sdasds]]
[ERROR][article.go:74]2020/03/18 13:04:25 [unsupported destination, should be slice or struct]
[INFO][request.go:10]2020/03/18 13:21:32 [state Range is 0 to 1]
[INFO][tag.go:39]2020/03/18 13:25:51 [-1]
[INFO][tag.go:39]2020/03/18 13:26:41 [-1]
[INFO][tag.go:40]2020/03/18 13:27:38 [-1]
[INFO][tag.go:39]2020/03/18 13:28:35 [0]
